[{"line":1,"elements":[{"start_timestamp":"2025-11-03T14:56:03.194Z","line":3,"name":"Test that the user is able to verify the Title and other windows","description":"","id":"test-that-the-user-is-able-to-signin-into-the-signinpage;test-that-the-user-is-able-to-verify-the-title-and-other-windows","type":"scenario","keyword":"Scenario","steps":[{"result":{"duration":18825902000,"status":"passed"},"line":4,"name":"User launches the application","match":{"location":"com.fdmgroup.Stepdefinitions.F1_SignInTest_StepDef.user_launches_the_application()"},"keyword":"Given "},{"result":{"duration":1143715000,"status":"passed"},"line":5,"name":"User is able to view the Scotiabank logo","match":{"location":"com.fdmgroup.Stepdefinitions.F1_SignInTest_StepDef.user_is_able_to_view_the_scotiabank_logo()"},"keyword":"Then "},{"result":{"duration":12843923000,"status":"passed"},"line":6,"name":"User is able to click on the canadapost link","match":{"location":"com.fdmgroup.Stepdefinitions.F1_SignInTest_StepDef.user_is_able_to_click_on_the_canadapost_link()"},"keyword":"Then "},{"result":{"duration":24192000,"status":"passed"},"line":7,"name":"User verify the header \"Information on Canada Post service disruption\"","match":{"arguments":[{"val":"\"Information on Canada Post service disruption\"","offset":23}],"location":"com.fdmgroup.Stepdefinitions.F1_SignInTest_StepDef.user_verify_the_header(java.lang.String)"},"keyword":"Then "},{"result":{"duration":4403348000,"status":"passed"},"line":8,"name":"User is able to navigate to the home page","match":{"location":"com.fdmgroup.Stepdefinitions.F1_SignInTest_StepDef.user_is_able_to_navigate_to_the_home_page()"},"keyword":"Then "}]},{"start_timestamp":"2025-11-03T14:56:40.544Z","line":22,"name":"Test that the user is able to signin and view the error message for invalied credentails","description":"","id":"test-that-the-user-is-able-to-signin-into-the-signinpage;test-that-the-user-is-able-to-signin-and-view-the-error-message-for-invalied-credentails;;2","type":"scenario","keyword":"Scenario Outline","steps":[{"result":{"duration":50095555000,"status":"passed"},"line":13,"name":"User click on the SignIn button","match":{"location":"com.fdmgroup.Stepdefinitions.F1_SignInTest_StepDef.user_click_on_the_sign_in_button()"},"keyword":"Given "},{"result":{"duration":9044579000,"status":"passed"},"line":14,"name":"the user clicks on the Registerpage signin button","match":{"location":"com.fdmgroup.Stepdefinitions.F1_SignInTest_StepDef.the_user_clicks_on_the_registerpage_signin_button()"},"keyword":"Then "},{"result":{"duration":3292527000,"status":"passed"},"line":15,"name":"User is able to see the error message","match":{"location":"com.fdmgroup.Stepdefinitions.F1_SignInTest_StepDef.user_is_able_to_see_the_error_message()"},"keyword":"And "},{"result":{"duration":4017746000,"status":"passed"},"line":16,"name":"User enter the invalid \"aaa\" and \"222\"","match":{"arguments":[{"val":"\"aaa\"","offset":23},{"val":"\"222\"","offset":33}],"location":"com.fdmgroup.Stepdefinitions.F1_SignInTest_StepDef.user_enter_the_invalid_and(java.lang.String,java.lang.String)"},"keyword":"When "},{"result":{"duration":1211250000,"status":"passed"},"line":17,"name":"the user clicks on the remember checkbox","match":{"location":"com.fdmgroup.Stepdefinitions.F1_SignInTest_StepDef.the_user_clicks_on_the_remember_checkbox()"},"keyword":"Then "},{"result":{"duration":4006917000,"status":"passed"},"line":18,"name":"User is able to navigate to the home page","match":{"location":"com.fdmgroup.Stepdefinitions.F1_SignInTest_StepDef.user_is_able_to_navigate_to_the_home_page()"},"keyword":"Then "}]}],"name":"Test that the user is able to signin into the signinpage","description":"","id":"test-that-the-user-is-able-to-signin-into-the-signinpage","keyword":"Feature","uri":"file:src/test/resources/Features/F1_SignInPage.feature","tags":[]},{"line":1,"elements":[{"start_timestamp":"2025-11-03T14:57:52.288Z","line":12,"name":"Test that the user is able to click the location icon and select the dropdown","description":"","id":"test-that-the-user-is-able-to-test-the-location-page;test-that-the-user-is-able-to-click-the-location-icon-and-select-the-dropdown;;2","type":"scenario","keyword":"Scenario Outline","steps":[{"result":{"duration":598383000,"status":"passed"},"line":4,"name":"User launches the application","match":{"location":"com.fdmgroup.Stepdefinitions.F1_SignInTest_StepDef.user_launches_the_application()"},"keyword":"Given "},{"result":{"duration":9525867000,"status":"passed"},"line":6,"name":"User is able to click on the icon","match":{"location":"com.fdmgroup.Stepdefinitions.F2_LocationTest_Stepdef.user_is_able_to_click_on_the_icon()"},"keyword":"Then "},{"result":{"duration":29195000,"status":"passed"},"line":7,"name":"User verify the header in location page \"Find a Scotiabank near you\"","match":{"arguments":[{"val":"\"Find a Scotiabank near you\"","offset":40}],"location":"com.fdmgroup.Stepdefinitions.F2_LocationTest_Stepdef.user_verify_the_header_in_locationpage(java.lang.String)"},"keyword":"And "},{"result":{"duration":11004553000,"status":"passed"},"line":8,"name":"User clicks on the SearchBy dropdown \"Transit number\"","match":{"arguments":[{"val":"\"Transit number\"","offset":37}],"location":"com.fdmgroup.Stepdefinitions.F2_LocationTest_Stepdef.user_clicks_on_the_search_by_dropdown(java.lang.String)"},"keyword":"Then "}]}],"name":"Test that the user is able to test the Location page","description":"","id":"test-that-the-user-is-able-to-test-the-location-page","keyword":"Feature","uri":"file:src/test/resources/Features/F2_LocationPage.feature","tags":[]}]22,"name":"Test that the user is able to signin and view the error message for invalied credentails","description":"","id":"test-that-the-user-is-able-to-signin-into-the-signinpage;test-that-the-user-is-able-to-signin-and-view-the-error-message-for-invalied-credentails;;2","type":"scenario","keyword":"Scenario Outline","steps":[{"result":{"duration":48020369000,"status":"passed"},"line":13,"name":"User click on the SignIn button","match":{"location":"com.fdmgroup.Stepdefinitions.F1_SignInTest_StepDef.user_click_on_the_sign_in_button()"},"keyword":"Given "},{"result":{"error_message":"org.openqa.selenium.ElementClickInterceptedException: element click intercepted: Element <button class=\"ButtonCorestyle__StyledButton-canvas-core__sc-v39ho0-0 ZXCFL ButtonCore__button PrimaryButtonstyle__StyledPrimaryButtonCore-canvas-core__sc-11pddd2-0 RWwNc Button__button--primary Bw8uwVVjQ1mE9WwERNSP\" id=\"signIn\">...</button> is not clickable at point (708, 561). Other element would receive the click: <div id=\"onetrust-policy-text\">...</div>\n  (Session info: MicrosoftEdge=142.0.3595.53)\nBuild info: version: '4.35.0', revision: '1c58e5028b'\nSystem info: os.name: 'Mac OS X', os.arch: 'x86_64', os.version: '14.4.1', java.version: '17.0.4.1'\nDriver info: org.openqa.selenium.edge.EdgeDriver\nCommand: [4abcd2caec6bb7fa9b4688186c0d6ad4, clickElement {id=f.38D83AF29EEB8CE02DE852AD7FE6406D.d.CC0FC4F5E9E34D9599B9C907DEA8C3AF.e.17}]\nCapabilities {acceptInsecureCerts: false, browserName: MicrosoftEdge, browserVersion: 142.0.3595.53, fedcm:accounts: true, goog:processID: 5791, ms:edgeOptions: {debuggerAddress: localhost:49944}, msedge: {msedgedriverVersion: 142.0.3595.53 (e9d637e9672e..., userDataDir: /var/folders/73/6htn7x5x2tz...}, networkConnectionEnabled: false, pageLoadStrategy: normal, platformName: mac, proxy: Proxy(), se:cdp: ws://localhost:49944/devtoo..., se:cdpVersion: 142.0.3595.53, setWindowRect: true, strictFileInteractability: false, timeouts: {implicit: 0, pageLoad: 300000, script: 30000}, unhandledPromptBehavior: dismiss and notify, webauthn:extension:credBlob: true, webauthn:extension:largeBlob: true, webauthn:extension:minPinLength: true, webauthn:extension:prf: true, webauthn:virtualAuthenticators: true}\nElement: [[EdgeDriver: MicrosoftEdge on mac (4abcd2caec6bb7fa9b4688186c0d6ad4)] -> id: signIn]\nSession ID: 4abcd2caec6bb7fa9b4688186c0d6ad4\n\tat java.base/jdk.internal.reflect.NativeConstructorAccessorImpl.newInstance0(Native Method)\n\tat java.base/jdk.internal.reflect.NativeConstructorAccessorImpl.newInstance(NativeConstructorAccessorImpl.java:77)\n\tat java.base/jdk.internal.reflect.DelegatingConstructorAccessorImpl.newInstance(DelegatingConstructorAccessorImpl.java:45)\n\tat java.base/java.lang.reflect.Constructor.newInstanceWithCaller(Constructor.java:499)\n\tat java.base/java.lang.reflect.Constructor.newInstance(Constructor.java:480)\n\tat org.openqa.selenium.remote.ErrorCodec.decode(ErrorCodec.java:167)\n\tat org.openqa.selenium.remote.codec.w3c.W3CHttpResponseCodec.decode(W3CHttpResponseCodec.java:138)\n\tat org.openqa.selenium.remote.codec.w3c.W3CHttpResponseCodec.decode(W3CHttpResponseCodec.java:50)\n\tat org.openqa.selenium.remote.HttpCommandExecutor.execute(HttpCommandExecutor.java:215)\n\tat org.openqa.selenium.remote.service.DriverCommandExecutor.invokeExecute(DriverCommandExecutor.java:216)\n\tat org.openqa.selenium.remote.service.DriverCommandExecutor.execute(DriverCommandExecutor.java:174)\n\tat org.openqa.selenium.remote.RemoteWebDriver.execute(RemoteWebDriver.java:557)\n\tat org.openqa.selenium.remote.RemoteWebElement.execute(RemoteWebElement.java:223)\n\tat org.openqa.selenium.remote.RemoteWebElement.click(RemoteWebElement.java:76)\n\tat java.base/jdk.internal.reflect.NativeMethodAccessorImpl.invoke0(Native Method)\n\tat java.base/jdk.internal.reflect.NativeMethodAccessorImpl.invoke(NativeMethodAccessorImpl.java:77)\n\tat java.base/jdk.internal.reflect.DelegatingMethodAccessorImpl.invoke(DelegatingMethodAccessorImpl.java:43)\n\tat java.base/java.lang.reflect.Method.invoke(Method.java:568)\n\tat org.openqa.selenium.support.pagefactory.internal.LocatingElementHandler.invoke(LocatingElementHandler.java:51)\n\tat jdk.proxy2/jdk.proxy2.$Proxy21.click(Unknown Source)\n\tat com.fdmgroup.Pages.SignInPage.clickRegsigniinButton(SignInPage.java:55)\n\tat com.fdmgroup.Stepdefinitions.F1_SignInTest_StepDef.the_user_clicks_on_the_registerpage_signin_button(F1_SignInTest_StepDef.java:48)\n\tat ✽.the user clicks on the Registerpage signin button(file:///Users/nagaabirami/eclipse-workspace/ScotiabankSeleniumProject2025/src/test/resources/Features/F1_SignInPage.feature:14)\n","duration":3607583000,"status":"failed"},"line":14,"name":"the user clicks on the Registerpage signin button","match":{"location":"com.fdmgroup.Stepdefinitions.F1_SignInTest_StepDef.the_user_clicks_on_the_registerpage_signin_button()"},"keyword":"Then "},{"result":{"duration":5124000,"status":"skipped"},"line":15,"name":"User is able to see the error message","match":{"location":"com.fdmgroup.Stepdefinitions.F1_SignInTest_StepDef.user_is_able_to_see_the_error_message()"},"keyword":"And "},{"result":{"duration":203000,"status":"skipped"},"line":16,"name":"User enter the invalid \"aaa\" and \"222\"","match":{"arguments":[{"val":"\"aaa\"","offset":23},{"val":"\"222\"","offset":33}],"location":"com.fdmgroup.Stepdefinitions.F1_SignInTest_StepDef.user_enter_the_invalid_and(java.lang.String,java.lang.String)"},"keyword":"When "},{"result":{"duration":66000,"status":"skipped"},"line":17,"name":"the user clicks on the remember checkbox","match":{"location":"com.fdmgroup.Stepdefinitions.F1_SignInTest_StepDef.the_user_clicks_on_the_remember_checkbox()"},"keyword":"Then "},{"result":{"duration":108000,"status":"skipped"},"line":18,"name":"User is able to navigate to the home page","match":{"location":"com.fdmgroup.Stepdefinitions.F1_SignInTest_StepDef.user_is_able_to_navigate_to_the_home_page()"},"keyword":"Then "}]}],"name":"Test that the user is able to signin into the signinpage","description":"","id":"test-that-the-user-is-able-to-signin-into-the-signinpage","keyword":"Feature","uri":"file:src/test/resources/Features/F1_SignInPage.feature","tags":[]},{"line":1,"elements":[{"start_timestamp":"2025-11-03T14:54:58.587Z","line":12,"name":"Test that the user is able to click the location icon and select the dropdown","description":"","id":"test-that-the-user-is-able-to-test-the-location-page;test-that-the-user-is-able-to-click-the-location-icon-and-select-the-dropdown;;2","type":"scenario","keyword":"Scenario Outline","steps":[{"result":{"duration":11411651000,"status":"passed"},"line":4,"name":"User launches the application","match":{"location":"com.fdmgroup.Stepdefinitions.F1_SignInTest_StepDef.user_launches_the_application()"},"keyword":"Given "},{"result":{"duration":25138238000,"status":"passed"},"line":6,"name":"User is able to click on the icon","match":{"location":"com.fdmgroup.Stepdefinitions.F2_LocationTest_Stepdef.user_is_able_to_click_on_the_icon()"},"keyword":"Then "},{"result":{"duration":101073000,"status":"passed"},"line":7,"name":"User verify the header in location page \"Find a Scotiabank near you\"","match":{"arguments":[{"val":"\"Find a Scotiabank near you\"","offset":40}],"location":"com.fdmgroup.Stepdefinitions.F2_LocationTest_Stepdef.user_verify_the_header_in_locationpage(java.lang.String)"},"keyword":"And "},{"result":{"duration":13544247000,"status":"passed"},"line":8,"name":"User clicks on the SearchBy dropdown \"Transit number\"","match":{"arguments":[{"val":"\"Transit number\"","offset":37}],"location":"com.fdmgroup.Stepdefinitions.F2_LocationTest_Stepdef.user_clicks_on_the_search_by_dropdown(java.lang.String)"},"keyword":"Then "}]},{"start_timestamp":"2025-11-03T14:55:48.855Z","line":15,"name":"Test that the user is able to select Filters","description":"","id":"test-that-the-user-is-able-to-test-the-location-page;test-that-the-user-is-able-to-select-filters","type":"scenario","keyword":"Scenario","steps":[{"result":{"error_message":"org.openqa.selenium.ElementClickInterceptedException: element click intercepted: Element <button color=\"blue\" class=\"TextButtonstyle__StyleTextButton-canvas-core__sc-1ssjpvn-0 gHhDoM TextButton__button TextButton_icon-margin_left__R48Sj\" data-digital-analytics-track=\"search-results\" data-digital-analytics-detail=\"filter-results\">...</button> is not clickable at point (86, 610). Other element would receive the click: <div id=\"onetrust-policy-text\">...</div>\n  (Session info: MicrosoftEdge=142.0.3595.53)\nBuild info: version: '4.35.0', revision: '1c58e5028b'\nSystem info: os.name: 'Mac OS X', os.arch: 'x86_64', os.version: '14.4.1', java.version: '17.0.4.1'\nDriver info: org.openqa.selenium.edge.EdgeDriver\nCommand: [4abcd2caec6bb7fa9b4688186c0d6ad4, clickElement {id=f.38D83AF29EEB8CE02DE852AD7FE6406D.d.6C0B0736DCECE51639CB819DB21D28EC.e.215}]\nCapabilities {acceptInsecureCerts: false, browserName: MicrosoftEdge, browserVersion: 142.0.3595.53, fedcm:accounts: true, goog:processID: 5791, ms:edgeOptions: {debuggerAddress: localhost:49944}, msedge: {msedgedriverVersion: 142.0.3595.53 (e9d637e9672e..., userDataDir: /var/folders/73/6htn7x5x2tz...}, networkConnectionEnabled: false, pageLoadStrategy: normal, platformName: mac, proxy: Proxy(), se:cdp: ws://localhost:49944/devtoo..., se:cdpVersion: 142.0.3595.53, setWindowRect: true, strictFileInteractability: false, timeouts: {implicit: 0, pageLoad: 300000, script: 30000}, unhandledPromptBehavior: dismiss and notify, webauthn:extension:credBlob: true, webauthn:extension:largeBlob: true, webauthn:extension:minPinLength: true, webauthn:extension:prf: true, webauthn:virtualAuthenticators: true}\nElement: [[EdgeDriver: MicrosoftEdge on mac (4abcd2caec6bb7fa9b4688186c0d6ad4)] -> xpath: //button[contains(@class,'TextButtonstyle__StyleTextButton-canvas-core__sc-1ssjpvn-0 gHhDoM TextButton__button TextButton_icon-margin_left__R48Sj')]]\nSession ID: 4abcd2caec6bb7fa9b4688186c0d6ad4\n\tat java.base/jdk.internal.reflect.NativeConstructorAccessorImpl.newInstance0(Native Method)\n\tat java.base/jdk.internal.reflect.NativeConstructorAccessorImpl.newInstance(NativeConstructorAccessorImpl.java:77)\n\tat java.base/jdk.internal.reflect.DelegatingConstructorAccessorImpl.newInstance(DelegatingConstructorAccessorImpl.java:45)\n\tat java.base/java.lang.reflect.Constructor.newInstanceWithCaller(Constructor.java:499)\n\tat java.base/java.lang.reflect.Constructor.newInstance(Constructor.java:480)\n\tat org.openqa.selenium.remote.ErrorCodec.decode(ErrorCodec.java:167)\n\tat org.openqa.selenium.remote.codec.w3c.W3CHttpResponseCodec.decode(W3CHttpResponseCodec.java:138)\n\tat org.openqa.selenium.remote.codec.w3c.W3CHttpResponseCodec.decode(W3CHttpResponseCodec.java:50)\n\tat org.openqa.selenium.remote.HttpCommandExecutor.execute(HttpCommandExecutor.java:215)\n\tat org.openqa.selenium.remote.service.DriverCommandExecutor.invokeExecute(DriverCommandExecutor.java:216)\n\tat org.openqa.selenium.remote.service.DriverCommandExecutor.execute(DriverCommandExecutor.java:174)\n\tat org.openqa.selenium.remote.RemoteWebDriver.execute(RemoteWebDriver.java:557)\n\tat org.openqa.selenium.remote.RemoteWebElement.execute(RemoteWebElement.java:223)\n\tat org.openqa.selenium.remote.RemoteWebElement.click(RemoteWebElement.java:76)\n\tat java.base/jdk.internal.reflect.NativeMethodAccessorImpl.invoke0(Native Method)\n\tat java.base/jdk.internal.reflect.NativeMethodAccessorImpl.invoke(NativeMethodAccessorImpl.java:77)\n\tat java.base/jdk.internal.reflect.DelegatingMethodAccessorImpl.invoke(DelegatingMethodAccessorImpl.java:43)\n\tat java.base/java.lang.reflect.Method.invoke(Method.java:568)\n\tat org.openqa.selenium.support.pagefactory.internal.LocatingElementHandler.invoke(LocatingElementHandler.java:51)\n\tat jdk.proxy2/jdk.proxy2.$Proxy21.click(Unknown Source)\n\tat com.fdmgroup.Pages.LocationPage.clickLocFilterBtn(LocationPage.java:96)\n\tat com.fdmgroup.Stepdefinitions.F2_LocationTest_Stepdef.user_click_on_the_filter_button(F2_LocationTest_Stepdef.java:35)\n\tat ✽.User click on the Filter button(file:///Users/nagaabirami/eclipse-workspace/ScotiabankSeleniumProject2025/src/test/resources/Features/F2_LocationPage.feature:16)\n","duration":1164451000,"status":"failed"},"line":16,"name":"User click on the Filter button","match":{"location":"com.fdmgroup.Stepdefinitions.F2_LocationTest_Stepdef.user_click_on_the_filter_button()"},"keyword":"Given "},{"result":{"duration":116000,"status":"skipped"},"line":17,"name":"the user is able to view the header \"Filter your results\"","match":{"arguments":[{"val":"\"Filter your results\"","offset":36}],"location":"com.fdmgroup.Stepdefinitions.F2_LocationTest_Stepdef.the_user_is_able_to_view_the_header(java.lang.String)"},"keyword":"Then "},{"result":{"duration":88000,"status":"skipped"},"line":18,"name":"User selects ine of the checkbox","match":{"location":"com.fdmgroup.Stepdefinitions.F2_LocationTest_Stepdef.user_selects_ine_of_the_checkbox()"},"keyword":"And "},{"result":{"duration":77000,"status":"skipped"},"line":19,"name":"User clicks on the Apply Filter button","match":{"location":"com.fdmgroup.Stepdefinitions.F2_LocationTest_Stepdef.user_clicks_on_the_apply_filter_button()"},"keyword":"Then "},{"result":{"duration":221000,"status":"skipped"},"line":20,"name":"User is able to navigate to the home page","match":{"location":"com.fdmgroup.Stepdefinitions.F1_SignInTest_StepDef.user_is_able_to_navigate_to_the_home_page()"},"keyword":"Then "}]}],"name":"Test that the user is able to test the Location page","description":"","id":"test-that-the-user-is-able-to-test-the-location-page","keyword":"Feature","uri":"file:src/test/resources/Features/F2_LocationPage.feature","tags":[]},{"line":1,"elements":[{"start_timestamp":"2025-11-03T14:55:50.067Z","line":11,"name":"Test that the user is able to verify the Title and other windows","description":"","id":"test-that-the-user-is-able-to-signin-into-the-signinpage;test-that-the-user-is-able-to-verify-the-title-and-other-windows;;2","type":"scenario","keyword":"Scenario Outline","steps":[{"result":{"duration":3096088000,"status":"passed"},"line":4,"name":"User launches the application","match":{"location":"com.fdmgroup.Stepdefinitions.F1_SignInTest_StepDef.user_launches_the_application()"},"keyword":"Given "},{"result":{"duration":6704156000,"status":"passed"},"line":5,"name":"User search for the \"Exchange rate\" in the search bar","match":{"arguments":[{"val":"\"Exchange rate\"","offset":20}],"location":"com.fdmgroup.Stepdefinitions.F3_SearchTest_StepDef.user_search_for_the_in_the_search_bar(java.lang.String)"},"keyword":"Then "},{"result":{"duration":6388409000,"status":"passed"},"line":6,"name":"User is able to click on the search button","match":{"location":"com.fdmgroup.Stepdefinitions.F3_SearchTest_StepDef.user_is_able_to_click_on_the_search_button()"},"keyword":"Then "},{"result":{"duration":5672156000,"status":"passed"},"line":7,"name":"User click on the exchang currency link","match":{"location":"com.fdmgroup.Stepdefinitions.F3_SearchTest_StepDef.user_click_on_the_exchang_currency_link()"},"keyword":"And "}]},{"start_timestamp":"2025-11-03T14:56:12.004Z","line":21,"name":"Test that the user is able to signin and view the error message for invalied credentails","description":"","id":"test-that-the-user-is-able-to-signin-into-the-signinpage;test-that-the-user-is-able-to-signin-and-view-the-error-message-for-invalied-credentails;;2","type":"scenario","keyword":"Scenario Outline","steps":[{"result":{"duration":46918000,"status":"passed"},"line":14,"name":"User Verify the foreign exchange rate header","match":{"location":"com.fdmgroup.Stepdefinitions.F3_SearchTest_StepDef.user_verify_the_foreign_exchange_rate_header()"},"keyword":"Given "},{"result":{"duration":26282000,"status":"passed"},"line":15,"name":"the User is able to view the table","match":{"location":"com.fdmgroup.Stepdefinitions.F3_SearchTest_StepDef.the_user_is_able_to_view_the_table()"},"keyword":"Then "},{"result":{"duration":3900491000,"status":"passed"},"line":17,"name":"User is able to navigate to the home page","match":{"location":"com.fdmgroup.Stepdefinitions.F1_SignInTest_StepDef.user_is_able_to_navigate_to_the_home_page()"},"keyword":"Then "}]}],"name":"Test that the user is able to signin into the signinpage","description":"","id":"test-that-the-user-is-able-to-signin-into-the-signinpage","keyword":"Feature","uri":"file:src/test/resources/Features/F3_SearchPage.feature","tags":[]}]